<?xml version="1.0" encoding="UTF-8"?>
<!-- Generated by org.testng.reporters.JUnitReportReporter -->
<testsuite hostname="irbt-4576.wardrobe.irobot.com" name="com.test.core.NewTest" tests="2" failures="0" timestamp="15 Apr 2016 21:47:09 GMT" time="25.534" errors="0">
  <testcase name="enterSomeValue" time="0.014" classname="com.test.core.NewTest"/>
  <testcase name="f" time="25.520" classname="com.test.core.NewTest"/>
</testsuite> <!-- com.test.core.NewTest -->
